0 info it worked if it ends with ok
1 verbose cli [ 'C:\\nodejs\\\\node.exe',
1 verbose cli   'C:\\nodejs\\node_modules\\npm\\bin\\npm-cli.js',
1 verbose cli   'install',
1 verbose cli   'socket.io@0.9.16' ]
2 info using npm@1.4.28
3 info using node@v0.10.35
4 verbose node symlink C:\nodejs\\node.exe
5 error Failed to parse json
5 error Unexpected token }
6 error File: C:\Users\Kashi Khan\Documents\node\chat\package.json
7 error Failed to parse package.json data.
7 error package.json must be actual JSON, not just JavaScript.
7 error
7 error This is not a bug in npm.
7 error Tell the package author to fix their package.json file. JSON.parse
8 error System Windows_NT 6.2.9200
9 error command "C:\\nodejs\\\\node.exe" "C:\\nodejs\\node_modules\\npm\\bin\\npm-cli.js" "install" "socket.io@0.9.16"
10 error cwd C:\Users\Kashi Khan\Documents\node\chat
11 error node -v v0.10.35
12 error npm -v 1.4.28
13 error file C:\Users\Kashi Khan\Documents\node\chat\package.json
14 error code EJSONPARSE
15 verbose exit [ 1, true ]
